  clientMain.cpp
  connectsock.cpp
  getIPAddressInfo.cpp
  getServers.cpp
c:\users\brandon\documents\github\nimproject\nimcore\getservers.cpp(34): error C2065: 'TicTacToe_QUERY': undeclared identifier
c:\users\brandon\documents\github\nimproject\nimcore\getservers.cpp(34): error C2065: 'TicTacToe_UDPPORT': undeclared identifier
  GUIHandlers.cpp
c:\users\brandon\documents\github\nimproject\nimcore\guihandlers.cpp(9): error C2732: linkage specification contradicts earlier specification for 'GUI_getServerList'
  c:\users\brandon\documents\github\nimproject\nimcore\guihandlers.cpp(8): note: see declaration of 'GUI_getServerList'
c:\users\brandon\documents\github\nimproject\nimcore\guihandlers.cpp(14): error C2732: linkage specification contradicts earlier specification for 'GUI_challengeServer'
  c:\users\brandon\documents\github\nimproject\nimcore\guihandlers.cpp(14): note: see declaration of 'GUI_challengeServer'
c:\users\brandon\documents\github\nimproject\nimcore\guihandlers.cpp(20): error C2732: linkage specification contradicts earlier specification for 'GUI_setMyName'
  c:\users\brandon\documents\github\nimproject\nimcore\guihandlers.cpp(20): note: see declaration of 'GUI_setMyName'
c:\users\brandon\documents\github\nimproject\nimcore\guihandlers.cpp(26): error C2732: linkage specification contradicts earlier specification for 'GUI_isMyTurn'
  c:\users\brandon\documents\github\nimproject\nimcore\guihandlers.cpp(26): note: see declaration of 'GUI_isMyTurn'
c:\users\brandon\documents\github\nimproject\nimcore\guihandlers.cpp(32): error C2732: linkage specification contradicts earlier specification for 'GUI_sendMessage'
  c:\users\brandon\documents\github\nimproject\nimcore\guihandlers.cpp(32): note: see declaration of 'GUI_sendMessage'
c:\users\brandon\documents\github\nimproject\nimcore\guihandlers.cpp(39): error C2732: linkage specification contradicts earlier specification for 'GUI_getMessage'
  c:\users\brandon\documents\github\nimproject\nimcore\guihandlers.cpp(39): note: see declaration of 'GUI_getMessage'
c:\users\brandon\documents\github\nimproject\nimcore\guihandlers.cpp(45): error C2732: linkage specification contradicts earlier specification for 'GUI_getBoard'
  c:\users\brandon\documents\github\nimproject\nimcore\guihandlers.cpp(45): note: see declaration of 'GUI_getBoard'
c:\users\brandon\documents\github\nimproject\nimcore\guihandlers.cpp(51): error C2732: linkage specification contradicts earlier specification for 'GUI_makeMove'
  c:\users\brandon\documents\github\nimproject\nimcore\guihandlers.cpp(51): note: see declaration of 'GUI_makeMove'
  NIM.cpp
c:\users\brandon\documents\github\nimproject\nimcore\nim.cpp(13): warning C4326: return type of 'main' should be 'int' instead of 'void'
  passivesock.cpp
  playNIM.cpp
  serverMain.cpp
  timestamp.cpp
  UDP_recv.cpp
  UDP_send.cpp
  wait.cpp
  Generating Code...
c:\users\brandon\documents\github\nimproject\nimcore\nim.cpp(96): warning C4172: returning address of local variable or temporary: AIMove
