c:\users\brandon\documents\github\nimproject\nimcore\debug\vc141.pdb
c:\users\brandon\documents\github\nimproject\nimcore\debug\vc141.idb
c:\users\brandon\documents\github\nimproject\nimcore\debug\wait.obj
c:\users\brandon\documents\github\nimproject\nimcore\debug\udp_send.obj
c:\users\brandon\documents\github\nimproject\nimcore\debug\udp_recv.obj
c:\users\brandon\documents\github\nimproject\nimcore\debug\timestamp.obj
c:\users\brandon\documents\github\nimproject\nimcore\debug\servermain.obj
c:\users\brandon\documents\github\nimproject\nimcore\debug\playnim.obj
c:\users\brandon\documents\github\nimproject\nimcore\debug\passivesock.obj
c:\users\brandon\documents\github\nimproject\nimcore\debug\nim.obj
c:\users\brandon\documents\github\nimproject\nimcore\debug\getservers.obj
c:\users\brandon\documents\github\nimproject\nimcore\debug\getipaddressinfo.obj
c:\users\brandon\documents\github\nimproject\nimcore\debug\connectsock.obj
c:\users\brandon\documents\github\nimproject\nimcore\debug\clientmain.obj
c:\users\brandon\documents\github\nimproject\nimcore\debug\nimcontroller.obj
c:\users\brandon\documents\github\nimproject\nimcore\debug\guihandlers.obj
c:\users\brandon\documents\github\nimproject\nim\debug\nimcore.dll
c:\users\brandon\documents\github\nimproject\nim\debug\nimcore.ilk
c:\users\brandon\documents\github\nimproject\nim\debug\nimcore.pdb
c:\users\brandon\documents\github\nimproject\nim\debug\nimcore.lib
c:\users\brandon\documents\github\nimproject\nim\debug\nimcore.exp
c:\users\brandon\documents\github\nimproject\nimcore\debug\nimcore.tlog\cl.command.1.tlog
c:\users\brandon\documents\github\nimproject\nimcore\debug\nimcore.tlog\cl.read.1.tlog
c:\users\brandon\documents\github\nimproject\nimcore\debug\nimcore.tlog\cl.write.1.tlog
c:\users\brandon\documents\github\nimproject\nimcore\debug\nimcore.tlog\link.104.delete.1.tlog
c:\users\brandon\documents\github\nimproject\nimcore\debug\nimcore.tlog\link.7972.delete.1.tlog
c:\users\brandon\documents\github\nimproject\nimcore\debug\nimcore.tlog\link.command.1.tlog
c:\users\brandon\documents\github\nimproject\nimcore\debug\nimcore.tlog\link.read.1.tlog
c:\users\brandon\documents\github\nimproject\nimcore\debug\nimcore.tlog\link.write.1.tlog
c:\users\brandon\documents\github\nimproject\nimcore\debug\nimcore.tlog\nimcore.write.1u.tlog
